
> em-taskflow@1.0.0 start
> node dist/index.js

Connected to SQLite database
Database tables created successfully
Database initialized successfully
🚀 EM TaskFlow AI server listening on port 4000
📊 SQLite database ready for operations
📄 Processing uploaded PDF: 1JEEPFormatEngineeringManagementAComprehensiveReviewofChallengesTrendsandBestPractices2.pdf
📄 Processing PDF: 1JEEPFormatEngineeringManagementAComprehensiveReviewofChallengesTrendsandBestPractices2.pdf
✅ pdf-parse module loaded successfully
Warning: Indexing all PDF objects
📝 Extracted 33760 characters from PDF
🔪 Created 8 chunks
💾 Storing 8 chunks in vector database
❌ Failed to store chunk 0: AxiosError [AggregateError]
    at AxiosError.from (file:///Users/vikaskumar/Documents/vikas/em-taskflow/backend/node_modules/axios/lib/core/AxiosError.js:92:14)
    at RedirectableRequest.handleRequestError (file:///Users/vikaskumar/Documents/vikas/em-taskflow/backend/node_modules/axios/lib/adapters/http.js:620:25)
    at RedirectableRequest.emit (node:events:518:28)
    at eventHandlers.<computed> (/Users/vikaskumar/Documents/vikas/em-taskflow/backend/node_modules/follow-redirects/index.js:49:24)
    at ClientRequest.emit (node:events:518:28)
    at emitErrorEvent (node:_http_client:104:11)
    at Socket.socketErrorListener (node:_http_client:518:5)
    at Socket.emit (node:events:518:28)
    at emitErrorNT (node:internal/streams/destroy:170:8)
    at emitErrorCloseNT (node:internal/streams/destroy:129:3)
    at Axios.request (file:///Users/vikaskumar/Documents/vikas/em-taskflow/backend/node_modules/axios/lib/core/Axios.js:45:41)
    at process.processTicksAndRejections (node:internal/process/task_queues:105:5)
    at async RAGService.storeChunks (file:///Users/vikaskumar/Documents/vikas/em-taskflow/backend/dist/services/ragService.js:114:17)
    at async RAGService.processPDF (file:///Users/vikaskumar/Documents/vikas/em-taskflow/backend/dist/services/ragService.js:61:13)
    at async file:///Users/vikaskumar/Documents/vikas/em-taskflow/backend/dist/routes/api.js:32:24 {
  code: 'ECONNREFUSED',
  errors: [
    Error: connect ECONNREFUSED ::1:8000
        at createConnectionError (node:net:1678:14)
        at afterConnectMultiple (node:net:1708:16) {
      errno: -61,
      code: 'ECONNREFUSED',
      syscall: 'connect',
      address: '::1',
      port: 8000
    },
    Error: connect ECONNREFUSED 127.0.0.1:8000
        at createConnectionError (node:net:1678:14)
        at afterConnectMultiple (node:net:1708:16) {
      errno: -61,
      code: 'ECONNREFUSED',
      syscall: 'connect',
      address: '127.0.0.1',
      port: 8000
    }
  ],
  config: {
    transitional: {
      silentJSONParsing: true,
      forcedJSONParsing: true,
      clarifyTimeoutError: false
    },
    adapter: [ 'xhr', 'http', 'fetch' ],
    transformRequest: [ [Function: transformRequest] ],
    transformResponse: [ [Function: transformResponse] ],
    timeout: 0,
    xsrfCookieName: 'XSRF-TOKEN',
    xsrfHeaderName: 'X-XSRF-TOKEN',
    maxContentLength: -1,
    maxBodyLength: -1,
    env: { FormData: [Function [FormData]], Blob: [class Blob] },
    validateStatus: [Function: validateStatus],
    headers: Object [AxiosHeaders] {
      Accept: 'application/json, text/plain, */*',
      'Content-Type': 'application/json',
      'User-Agent': 'axios/1.11.0',
      'Content-Length': '16526',
      'Accept-Encoding': 'gzip, compress, deflate, br'
    },
    method: 'post',
    url: 'http://localhost:8000/api/v1/collections/pdf_chunks/add',
    data: '{"ids":["5d135e5c9a09b251e44fc7a6833f8c10_0"],"embeddings":[[-0.16752085089683533,0.5195120573043823,-3.034392833709717,-0.7079858779907227,0.8230354189872742,0.24183344841003418,0.08632822334766388,-0.32255882024765015,0.18605467677116394,0.48546546697616577,0.6377285122871399,-1.029876708984375,1.6028164625167847,0.4566170871257782,0.35340791940689087,-0.5533905029296875,0.21603456139564514,-0.29243555665016174,-0.3486580550670624,-0.4832494258880615,-0.3329683244228363,-1.1366183757781982,-0.49509039521217346,-0.269866943359375,1.8306642770767212,0.36422207951545715,-0.7077949643135071,-0.5356565117835999,-0.5100232362747192,0.18265293538570404,0.9486129283905029,-0.7717918753623962,-1.2970635890960693,-0.4084259867668152,-0.7878316640853882,-0.46596649289131165,1.1990036964416504,-0.13570821285247803,-0.2455204278230667,-0.2679416239261627,1.5435972213745117,-0.6016117334365845,-0.4734083414077759,-0.5448632836341858,0.06295282393693924,0.06089102476835251,0.6744814515113831,-0.3242242634296417,1.015496850013733,0.4050617516040802,0.525816798210144,-0.15115149319171906,0.4598812162876129,0.01999708265066147,1.4903652667999268,0.12376340478658676,-0.3293761610984802,0.7764424681663513,0.4598706364631653,-1.452251672744751,1.3437507152557373,1.1625791788101196,-1.0934277772903442,1.1090623140335083,0.8977451920509338,-0.2891283631324768,0.4016059637069702,1.1411597728729248,0.1866626888513565,-1.0208156108856201,0.14299406111240387,-0.06392338871955872,0.5868594646453857,0.4209672212600708,-0.8613501191139221,-0.10170581936836243,0.4861549437046051,-0.5546084046363831,0.011449645273387432,0.023845307528972626,0.17513760924339294,0.7111808061599731,1.6542634963989258,-0.354330450296402,1.0271927118301392,-0.09873034060001373,-0.14049199223518372,0.5268365144729614,-0.35748937726020813,0.7391006350517273,1.0772672891616821,0.7717909216880798,-0.14804984629154205,0.2730240225791931,-1.4378492832183838,-0.18706583976745605,0.17718514800071716,-0.9662716388702393,-1.348682165145874,-0.6245969533920288,-0.19813638925552368,-0.3290422260761261,0.448856383562088,0.5736271739006042,1.1651004552841187,1.0301121473312378,-0.009363308548927307,-0.0702485591173172,-0.3579079508781433,0.5717041492462158,-0.935137927532196,0.2892683148384094,-0.43684670329093933,-0.09574105590581894,0.6838424205780029,0.057203736156225204,1.4119815826416016,-0.609616756439209,-0.28987830877304077,1.026464581489563,-0.603963315486908,-0.28500595688819885,-0.102281354367733,0.29078084230422974,0.746695339679718,0.3082656264305115,-0.9954026937484741,-0.2541709840297699,0.7284198999404907,-0.30896326899528503,-1.1352874040603638,-0.3334557116031647,-0.17728854715824127,0.005357043817639351,-0.13208718597888947,1.2788108587265015,-0.711889386177063,-0.14024271070957184,-0.488378643989563,0.6195242404937744,0.7973999381065369,-0.20470696687698364,-0.4581328332424164,0.07530985027551651,0.27660924196243286,-0.8694618344306946,0.4019485414028168,-0.1791924387216568,-1.0745525360107422,0.19788555800914764,1.088273048400879,-0.17058512568473816,-0.46886682510375977,0.6733458042144775,-0.5527095198631287,-0.592662513256073,-0.6996439099311829,-0.27093303203582764,0.4796126186847687,0.6801198720932007,-0.46638575196266174,-0.128573939204216,-0.18722596764564514,1.3334035873413086,-0.27268868684768677,0.12425193935632706,-0.5791199803352356,0.019544219598174095,0.3990183472633362,1.1938297748565674,-0.42897677421569824,-0.6705003380775452,0.4133755564689636,-0.2994885742664337,0.7862512469291687,-1.1050193309783936,1.3794797658920288,-0.8181242942810059,0.7532150745391846,-0.8333882689476013,0.6506788730621338,-1.0067737102508545,1.4461363554000854,0.39591407775878906,-0.551399290561676,-0.13163770735263824,0.9098478555679321,-0.05165074020624161,-0.6777758598327637,-0.513889729976654,0.4188069999217987,0.0973469465970993,-0.8495681285858154,-1.120542049407959,-0.7830517292022705,-1.0696812868118286,1.2183791399002075,-0.7078084945678711,0.03126327320933342,-0.9139461517333984,-0.4127727746963501,0.3677644431591034,-1.0551116466522217,0.5466592907905579,-0.5330878496170044,0.291540265083313,0.5288472175598145,0.8127370476722717,-0.7776437997817993,0.04924064874649048,0.19792188704013824,0.05004386603832245,0.33823418617248535,0.8322994709014893,0.30838117003440857,-0.9698193073272705,0.051384299993515015,-0.9021218419075012,-0.3350903391838074,0.32189926505088806,-0.4779277443885803,-0.8176781535148621,-0.3770156800746918,-0.008164153434336185,0.54485023021698,-0.7780618667602539,-0.3478964567184448,-0.5708763003349304,-0.4620654284954071,-0.5665957927703857,-0.5282529592514038,-0.6879538297653198,0.5446686744689941,-0.2783330976963043,0.06301535665988922,-0.06744413077831268,0.6172645092010498,1.1700102090835571,0.03820895776152611,0.5551755428314209,-0.14167028665542603,1.1352062225341797,-0.21417458355426788,-0.015109564177691936,-0.07601442188024521,-0.27954164147377014,0.3249019980430603,-0.3439497947692871,0.8096471428871155,0.6840647459030151,1.525538682937622,0.16322042047977448,0.5433576703071594,1.2150487899780273,0.6736587285995483,-0.5031606554985046,-0.25728172063827515,0.30902299284935,0.5443773865699768,0.8695548176765442,0.4958191215991974,-1.259781837463379,0.4438847005367279,-0.38633570075035095,0.24863983690738678,-0.2566923499107361,-0.6289076805114746,-0.6690765023231506,0.317215234041214,-0.23413555324077606,1.1029387712478638,0.7582287788391113,-0.00706269359216094,0.7606030106544495,-0.27753913402557373,-0.03196517378091812,-0.4914056956768036,-0.842494785785675,-0.48255735635757446,0.6316671371459961,-1.1037805080413818,-1.166901707649231,0.2896651029586792,0.40738844871520996,-0.4030206501483917,1.292710542678833,0.32703667879104614,0.39508724212646484,0.23033331334590912,-0.3194625675678253,-0.03227197006344795,-0.6454370021820068,0.6461210250854492,0.0713154524564743,0.008141746744513512,0.6102910041809082,1.6985126733779907,-0.6798020005226135,-0.32911527156829834,-0.5415902733802795,-0.08924710750579834,0.1583443582057953,0.869507908821106,0.1914764642715454,0.7407329678535461,-0.289802223443985,-0.31903916597366333,0.7721235156059265,0.038483235985040665,-0.10525116324424744,-0.31956416368484497,-0.28141722083091736,-0.06460972875356674,-0.08809264749288559,-0.47878068685531616,1.3810060024261475,0.3755864202976227,0.015729861333966255,1.1058388948440552,-0.13728520274162292,-0.12080922722816467,-1.0769734382629395,-0.3452077805995941,0.015698116272687912,0.6111718416213989,0.5369775891304016,-0.07211114466190338,0.44584569334983826,-0.18122859299182892,-0.17038443684577942,0.33089110255241394,0.11726005375385284,0.8425526022911072,-1.8102437257766724,-0.5474804639816284,1.036959171295166,0.8854555487632751,0.5735324025154114,0.7984013557434082,0.42827457189559937,0.8132346272468567,-0.11304198950529099,-0.04198996350169182,-0.5487818121910095,-0.4946663975715637,-1.0661832094192505,-0.8714799284934998,0.18296639621257782,0.48039230704307556,0.6697195172309875,-0.00925192330032587,0.3501962423324585,0.13352109491825104,-0.04989837110042572,-0.14547106623649597,-0.006088788155466318,-0.14592203497886658,0.6174682974815369,-0.3395046889781952,-0.04526567831635475,0.6435946226119995,-0.15159274637699127,-0.12434588372707367,-0.9010767340660095,-0.2097495049238205,0.9191035628318787,1.0157709121704102,0.656551718711853,0.4717530310153961,-0.041685279458761215,-0.08331004530191422,-0.6194425821304321,-0.09562860429286957,0.4939403831958771,0.4510355591773987,0.0205193180590868,-1.2210184335708618,-0.5707356333732605,-0.1785523146390915,0.23174765706062317,0.38911616802215576,-0.5736530423164368,-0.6583905220031738,0.12591132521629333,0.5272536277770996,-0.17560920119285583,0.32474738359451294,0.03225744515657425,0.43319961428642273,0.18406569957733154,-0.4306236505508423,-0.7763660550117493,-0.6488734483718872,0.5398979187011719,-0.4127618372440338,-0.4182647168636322,-0.07318777590990067,0.42340168356895447,0.046878308057785034,1.5923057794570923,-0.892729640007019,-0.8641287684440613,0.4714544415473938,0.4134989082813263,-0.5338651537895203,0.995148241519928,-0.21524234116077423,-0.2845732867717743,0.24745681881904602,0.14204484224319458,-0.18423894047737122,0.6471332907676697,0.022456994280219078,-0.206045001745224,-0.2352052927017212,0.7676673531532288,0.2302437722682953,0.43396633863449097,-0.8706063032150269,-0.6731017827987671,0.8581445813179016,0.29308953881263733,-0.2867526710033417,0.058268677443265915,0.5816424489021301,0.972404420375824,0.6459773778915405,0.22142952680587769,0.12754718959331512,-0.7679497599601746,0.965155839920044,0.08789011090993881,-0.4262970983982086,-0.2539726793766022,-0.1413954347372055,0.08615627139806747,0.749336838722229,0.8639826774597168,0.7647908926010132,-0.4380233585834503,0.6219715476036072,-0.839238166809082,-0.7882804870605469,0.2653730511665344,0.37963226437568665,1.2664960622787476,0.9441850781440735,-0.6256450414657593,-0.5654812455177307,1.2703485488891602,0.4099743068218231,-1.1315102577209473,0.7420771718025208,0.6244268417358398,0.9414165019989014,-1.178765892982483,0.09110047668218613,0.088455930352211,0.08055713772773743,-0.19537311792373657,0.7887967228889465,-0.2829776704311371,-0.37153002619743347,0.2981453835964203,-0.3470088243484497,-0.42110538482666016,-0.1970239281654358,0.04663141816854477,0.08124782890081406,0.7374356389045715,-0.17092378437519073,-0.11858339607715607,0.4012634754180908,-0.684677004814148,-0.5562261939048767,-0.14382432401180267,-0.001422816189005971,-0.6373030543327332,-0.14775869250297546,0.8840707540512085,0.6021525859832764,-0.4338955283164978,-0.5604586601257324,-0.8740671873092651,-0.19930389523506165,-0.16469238698482513,0.35303550958633423,-0.057593293488025665,0.1587759554386139,-0.7027968168258667,0.5443546772003174,0.2506532371044159,0.09869372844696045,-0.00039021120755933225,-0.846950113773346,0.23735584318637848,-0.18608807027339935,0.7431827783584595,1.3974040746688843,-0.18354374170303345,0.814561128616333,0.16150590777397156,0'... 6496 more characters,
    allowAbsoluteUrls: true
  },
  request: <ref *1> Writable {
    _events: {
      close: undefined,
      error: [Function: handleRequestError],
      prefinish: undefined,
      finish: undefined,
      drain: undefined,
      response: [Function: handleResponse],
      socket: [Function: handleRequestSocket]
    },
    _writableState: WritableState {
      highWaterMark: 65536,
      length: 0,
      corked: 0,
      onwrite: [Function: bound onwrite],
      writelen: 0,
      bufferedIndex: 0,
      pendingcb: 0,
      [Symbol(kState)]: 17580812,
      [Symbol(kBufferedValue)]: null
    },
    _maxListeners: undefined,
    _options: {
      maxRedirects: 21,
      maxBodyLength: Infinity,
      protocol: 'http:',
      path: '/api/v1/collections/pdf_chunks/add',
      method: 'POST',
      headers: [Object: null prototype],
      agents: [Object],
      auth: undefined,
      family: undefined,
      beforeRedirect: [Function: dispatchBeforeRedirect],
      beforeRedirects: [Object],
      hostname: 'localhost',
      port: '8000',
      agent: undefined,
      nativeProtocols: [Object],
      pathname: '/api/v1/collections/pdf_chunks/add'
    },
    _ended: false,
    _ending: true,
    _redirectCount: 0,
    _redirects: [],
    _requestBodyLength: 16526,
    _requestBodyBuffers: [ [Object] ],
    _eventsCount: 3,
    _onNativeResponse: [Function (anonymous)],
    _currentRequest: ClientRequest {
      _events: [Object: null prototype],
      _eventsCount: 7,
      _maxListeners: undefined,
      outputData: [],
      outputSize: 0,
      writable: true,
      destroyed: false,
      _last: false,
      chunkedEncoding: false,
      shouldKeepAlive: true,
      maxRequestsOnConnectionReached: false,
      _defaultKeepAlive: true,
      useChunkedEncodingByDefault: true,
      sendDate: false,
      _removedConnection: false,
      _removedContLen: false,
      _removedTE: false,
      strictContentLength: false,
      _contentLength: 16526,
      _hasBody: true,
      _trailer: '',
      finished: false,
      _headerSent: true,
      _closed: false,
      _header: 'POST /api/v1/collections/pdf_chunks/add HTTP/1.1\r\n' +
        'Accept: application/json, text/plain, */*\r\n' +
        'Content-Type: application/json\r\n' +
        'User-Agent: axios/1.11.0\r\n' +
        'Content-Length: 16526\r\n' +
        'Accept-Encoding: gzip, compress, deflate, br\r\n' +
        'Host: localhost:8000\r\n' +
        'Connection: keep-alive\r\n' +
        '\r\n',
      _keepAliveTimeout: 0,
      _onPendingData: [Function: nop],
      agent: [Agent],
      socketPath: undefined,
      method: 'POST',
      maxHeaderSize: undefined,
      insecureHTTPParser: undefined,
      joinDuplicateHeaders: undefined,
      path: '/api/v1/collections/pdf_chunks/add',
      _ended: false,
      res: null,
      aborted: false,
      timeoutCb: [Function: emitRequestTimeout],
      upgradeOrConnect: false,
      parser: null,
      maxHeadersCount: null,
      reusedSocket: false,
      host: 'localhost',
      protocol: 'http:',
      _redirectable: [Circular *1],
      [Symbol(shapeMode)]: false,
      [Symbol(kCapture)]: false,
      [Symbol(kBytesWritten)]: 0,
      [Symbol(kNeedDrain)]: false,
      [Symbol(corked)]: 0,
      [Symbol(kChunkedBuffer)]: [],
      [Symbol(kChunkedLength)]: 0,
      [Symbol(kSocket)]: [Socket],
      [Symbol(kOutHeaders)]: [Object: null prototype],
      [Symbol(errored)]: null,
      [Symbol(kHighWaterMark)]: 65536,
      [Symbol(kRejectNonStandardBodyWrites)]: false,
      [Symbol(kUniqueHeaders)]: null
    },
    _currentUrl: 'http://localhost:8000/api/v1/collections/pdf_chunks/add',
    [Symbol(shapeMode)]: true,
    [Symbol(kCapture)]: false
  },
  cause: AggregateError [ECONNREFUSED]: 
      at internalConnectMultiple (node:net:1134:18)
      at afterConnectMultiple (node:net:1715:7) {
    code: 'ECONNREFUSED',
    [errors]: [ [Error], [Error] ]
  }
}
❌ PDF processing error: AxiosError [AggregateError]
    at AxiosError.from (file:///Users/vikaskumar/Documents/vikas/em-taskflow/backend/node_modules/axios/lib/core/AxiosError.js:92:14)
    at RedirectableRequest.handleRequestError (file:///Users/vikaskumar/Documents/vikas/em-taskflow/backend/node_modules/axios/lib/adapters/http.js:620:25)
    at RedirectableRequest.emit (node:events:518:28)
    at eventHandlers.<computed> (/Users/vikaskumar/Documents/vikas/em-taskflow/backend/node_modules/follow-redirects/index.js:49:24)
    at ClientRequest.emit (node:events:518:28)
    at emitErrorEvent (node:_http_client:104:11)
    at Socket.socketErrorListener (node:_http_client:518:5)
    at Socket.emit (node:events:518:28)
    at emitErrorNT (node:internal/streams/destroy:170:8)
    at emitErrorCloseNT (node:internal/streams/destroy:129:3)
    at Axios.request (file:///Users/vikaskumar/Documents/vikas/em-taskflow/backend/node_modules/axios/lib/core/Axios.js:45:41)
    at process.processTicksAndRejections (node:internal/process/task_queues:105:5)
    at async RAGService.storeChunks (file:///Users/vikaskumar/Documents/vikas/em-taskflow/backend/dist/services/ragService.js:114:17)
    at async RAGService.processPDF (file:///Users/vikaskumar/Documents/vikas/em-taskflow/backend/dist/services/ragService.js:61:13)
    at async file:///Users/vikaskumar/Documents/vikas/em-taskflow/backend/dist/routes/api.js:32:24 {
  code: 'ECONNREFUSED',
  errors: [
    Error: connect ECONNREFUSED ::1:8000
        at createConnectionError (node:net:1678:14)
        at afterConnectMultiple (node:net:1708:16) {
      errno: -61,
      code: 'ECONNREFUSED',
      syscall: 'connect',
      address: '::1',
      port: 8000
    },
    Error: connect ECONNREFUSED 127.0.0.1:8000
        at createConnectionError (node:net:1678:14)
        at afterConnectMultiple (node:net:1708:16) {
      errno: -61,
      code: 'ECONNREFUSED',
      syscall: 'connect',
      address: '127.0.0.1',
      port: 8000
    }
  ],
  config: {
    transitional: {
      silentJSONParsing: true,
      forcedJSONParsing: true,
      clarifyTimeoutError: false
    },
    adapter: [ 'xhr', 'http', 'fetch' ],
    transformRequest: [ [Function: transformRequest] ],
    transformResponse: [ [Function: transformResponse] ],
    timeout: 0,
    xsrfCookieName: 'XSRF-TOKEN',
    xsrfHeaderName: 'X-XSRF-TOKEN',
    maxContentLength: -1,
    maxBodyLength: -1,
    env: { FormData: [Function [FormData]], Blob: [class Blob] },
    validateStatus: [Function: validateStatus],
    headers: Object [AxiosHeaders] {
      Accept: 'application/json, text/plain, */*',
      'Content-Type': 'application/json',
      'User-Agent': 'axios/1.11.0',
      'Content-Length': '16526',
      'Accept-Encoding': 'gzip, compress, deflate, br'
    },
    method: 'post',
    url: 'http://localhost:8000/api/v1/collections/pdf_chunks/add',
    data: '{"ids":["5d135e5c9a09b251e44fc7a6833f8c10_0"],"embeddings":[[-0.16752085089683533,0.5195120573043823,-3.034392833709717,-0.7079858779907227,0.8230354189872742,0.24183344841003418,0.08632822334766388,-0.32255882024765015,0.18605467677116394,0.48546546697616577,0.6377285122871399,-1.029876708984375,1.6028164625167847,0.4566170871257782,0.35340791940689087,-0.5533905029296875,0.21603456139564514,-0.29243555665016174,-0.3486580550670624,-0.4832494258880615,-0.3329683244228363,-1.1366183757781982,-0.49509039521217346,-0.269866943359375,1.8306642770767212,0.36422207951545715,-0.7077949643135071,-0.5356565117835999,-0.5100232362747192,0.18265293538570404,0.9486129283905029,-0.7717918753623962,-1.2970635890960693,-0.4084259867668152,-0.7878316640853882,-0.46596649289131165,1.1990036964416504,-0.13570821285247803,-0.2455204278230667,-0.2679416239261627,1.5435972213745117,-0.6016117334365845,-0.4734083414077759,-0.5448632836341858,0.06295282393693924,0.06089102476835251,0.6744814515113831,-0.3242242634296417,1.015496850013733,0.4050617516040802,0.525816798210144,-0.15115149319171906,0.4598812162876129,0.01999708265066147,1.4903652667999268,0.12376340478658676,-0.3293761610984802,0.7764424681663513,0.4598706364631653,-1.452251672744751,1.3437507152557373,1.1625791788101196,-1.0934277772903442,1.1090623140335083,0.8977451920509338,-0.2891283631324768,0.4016059637069702,1.1411597728729248,0.1866626888513565,-1.0208156108856201,0.14299406111240387,-0.06392338871955872,0.5868594646453857,0.4209672212600708,-0.8613501191139221,-0.10170581936836243,0.4861549437046051,-0.5546084046363831,0.011449645273387432,0.023845307528972626,0.17513760924339294,0.7111808061599731,1.6542634963989258,-0.354330450296402,1.0271927118301392,-0.09873034060001373,-0.14049199223518372,0.5268365144729614,-0.35748937726020813,0.7391006350517273,1.0772672891616821,0.7717909216880798,-0.14804984629154205,0.2730240225791931,-1.4378492832183838,-0.18706583976745605,0.17718514800071716,-0.9662716388702393,-1.348682165145874,-0.6245969533920288,-0.19813638925552368,-0.3290422260761261,0.448856383562088,0.5736271739006042,1.1651004552841187,1.0301121473312378,-0.009363308548927307,-0.0702485591173172,-0.3579079508781433,0.5717041492462158,-0.935137927532196,0.2892683148384094,-0.43684670329093933,-0.09574105590581894,0.6838424205780029,0.057203736156225204,1.4119815826416016,-0.609616756439209,-0.28987830877304077,1.026464581489563,-0.603963315486908,-0.28500595688819885,-0.102281354367733,0.29078084230422974,0.746695339679718,0.3082656264305115,-0.9954026937484741,-0.2541709840297699,0.7284198999404907,-0.30896326899528503,-1.1352874040603638,-0.3334557116031647,-0.17728854715824127,0.005357043817639351,-0.13208718597888947,1.2788108587265015,-0.711889386177063,-0.14024271070957184,-0.488378643989563,0.6195242404937744,0.7973999381065369,-0.20470696687698364,-0.4581328332424164,0.07530985027551651,0.27660924196243286,-0.8694618344306946,0.4019485414028168,-0.1791924387216568,-1.0745525360107422,0.19788555800914764,1.088273048400879,-0.17058512568473816,-0.46886682510375977,0.6733458042144775,-0.5527095198631287,-0.592662513256073,-0.6996439099311829,-0.27093303203582764,0.4796126186847687,0.6801198720932007,-0.46638575196266174,-0.128573939204216,-0.18722596764564514,1.3334035873413086,-0.27268868684768677,0.12425193935632706,-0.5791199803352356,0.019544219598174095,0.3990183472633362,1.1938297748565674,-0.42897677421569824,-0.6705003380775452,0.4133755564689636,-0.2994885742664337,0.7862512469291687,-1.1050193309783936,1.3794797658920288,-0.8181242942810059,0.7532150745391846,-0.8333882689476013,0.6506788730621338,-1.0067737102508545,1.4461363554000854,0.39591407775878906,-0.551399290561676,-0.13163770735263824,0.9098478555679321,-0.05165074020624161,-0.6777758598327637,-0.513889729976654,0.4188069999217987,0.0973469465970993,-0.8495681285858154,-1.120542049407959,-0.7830517292022705,-1.0696812868118286,1.2183791399002075,-0.7078084945678711,0.03126327320933342,-0.9139461517333984,-0.4127727746963501,0.3677644431591034,-1.0551116466522217,0.5466592907905579,-0.5330878496170044,0.291540265083313,0.5288472175598145,0.8127370476722717,-0.7776437997817993,0.04924064874649048,0.19792188704013824,0.05004386603832245,0.33823418617248535,0.8322994709014893,0.30838117003440857,-0.9698193073272705,0.051384299993515015,-0.9021218419075012,-0.3350903391838074,0.32189926505088806,-0.4779277443885803,-0.8176781535148621,-0.3770156800746918,-0.008164153434336185,0.54485023021698,-0.7780618667602539,-0.3478964567184448,-0.5708763003349304,-0.4620654284954071,-0.5665957927703857,-0.5282529592514038,-0.6879538297653198,0.5446686744689941,-0.2783330976963043,0.06301535665988922,-0.06744413077831268,0.6172645092010498,1.1700102090835571,0.03820895776152611,0.5551755428314209,-0.14167028665542603,1.1352062225341797,-0.21417458355426788,-0.015109564177691936,-0.07601442188024521,-0.27954164147377014,0.3249019980430603,-0.3439497947692871,0.8096471428871155,0.6840647459030151,1.525538682937622,0.16322042047977448,0.5433576703071594,1.2150487899780273,0.6736587285995483,-0.5031606554985046,-0.25728172063827515,0.30902299284935,0.5443773865699768,0.8695548176765442,0.4958191215991974,-1.259781837463379,0.4438847005367279,-0.38633570075035095,0.24863983690738678,-0.2566923499107361,-0.6289076805114746,-0.6690765023231506,0.317215234041214,-0.23413555324077606,1.1029387712478638,0.7582287788391113,-0.00706269359216094,0.7606030106544495,-0.27753913402557373,-0.03196517378091812,-0.4914056956768036,-0.842494785785675,-0.48255735635757446,0.6316671371459961,-1.1037805080413818,-1.166901707649231,0.2896651029586792,0.40738844871520996,-0.4030206501483917,1.292710542678833,0.32703667879104614,0.39508724212646484,0.23033331334590912,-0.3194625675678253,-0.03227197006344795,-0.6454370021820068,0.6461210250854492,0.0713154524564743,0.008141746744513512,0.6102910041809082,1.6985126733779907,-0.6798020005226135,-0.32911527156829834,-0.5415902733802795,-0.08924710750579834,0.1583443582057953,0.869507908821106,0.1914764642715454,0.7407329678535461,-0.289802223443985,-0.31903916597366333,0.7721235156059265,0.038483235985040665,-0.10525116324424744,-0.31956416368484497,-0.28141722083091736,-0.06460972875356674,-0.08809264749288559,-0.47878068685531616,1.3810060024261475,0.3755864202976227,0.015729861333966255,1.1058388948440552,-0.13728520274162292,-0.12080922722816467,-1.0769734382629395,-0.3452077805995941,0.015698116272687912,0.6111718416213989,0.5369775891304016,-0.07211114466190338,0.44584569334983826,-0.18122859299182892,-0.17038443684577942,0.33089110255241394,0.11726005375385284,0.8425526022911072,-1.8102437257766724,-0.5474804639816284,1.036959171295166,0.8854555487632751,0.5735324025154114,0.7984013557434082,0.42827457189559937,0.8132346272468567,-0.11304198950529099,-0.04198996350169182,-0.5487818121910095,-0.4946663975715637,-1.0661832094192505,-0.8714799284934998,0.18296639621257782,0.48039230704307556,0.6697195172309875,-0.00925192330032587,0.3501962423324585,0.13352109491825104,-0.04989837110042572,-0.14547106623649597,-0.006088788155466318,-0.14592203497886658,0.6174682974815369,-0.3395046889781952,-0.04526567831635475,0.6435946226119995,-0.15159274637699127,-0.12434588372707367,-0.9010767340660095,-0.2097495049238205,0.9191035628318787,1.0157709121704102,0.656551718711853,0.4717530310153961,-0.041685279458761215,-0.08331004530191422,-0.6194425821304321,-0.09562860429286957,0.4939403831958771,0.4510355591773987,0.0205193180590868,-1.2210184335708618,-0.5707356333732605,-0.1785523146390915,0.23174765706062317,0.38911616802215576,-0.5736530423164368,-0.6583905220031738,0.12591132521629333,0.5272536277770996,-0.17560920119285583,0.32474738359451294,0.03225744515657425,0.43319961428642273,0.18406569957733154,-0.4306236505508423,-0.7763660550117493,-0.6488734483718872,0.5398979187011719,-0.4127618372440338,-0.4182647168636322,-0.07318777590990067,0.42340168356895447,0.046878308057785034,1.5923057794570923,-0.892729640007019,-0.8641287684440613,0.4714544415473938,0.4134989082813263,-0.5338651537895203,0.995148241519928,-0.21524234116077423,-0.2845732867717743,0.24745681881904602,0.14204484224319458,-0.18423894047737122,0.6471332907676697,0.022456994280219078,-0.206045001745224,-0.2352052927017212,0.7676673531532288,0.2302437722682953,0.43396633863449097,-0.8706063032150269,-0.6731017827987671,0.8581445813179016,0.29308953881263733,-0.2867526710033417,0.058268677443265915,0.5816424489021301,0.972404420375824,0.6459773778915405,0.22142952680587769,0.12754718959331512,-0.7679497599601746,0.965155839920044,0.08789011090993881,-0.4262970983982086,-0.2539726793766022,-0.1413954347372055,0.08615627139806747,0.749336838722229,0.8639826774597168,0.7647908926010132,-0.4380233585834503,0.6219715476036072,-0.839238166809082,-0.7882804870605469,0.2653730511665344,0.37963226437568665,1.2664960622787476,0.9441850781440735,-0.6256450414657593,-0.5654812455177307,1.2703485488891602,0.4099743068218231,-1.1315102577209473,0.7420771718025208,0.6244268417358398,0.9414165019989014,-1.178765892982483,0.09110047668218613,0.088455930352211,0.08055713772773743,-0.19537311792373657,0.7887967228889465,-0.2829776704311371,-0.37153002619743347,0.2981453835964203,-0.3470088243484497,-0.42110538482666016,-0.1970239281654358,0.04663141816854477,0.08124782890081406,0.7374356389045715,-0.17092378437519073,-0.11858339607715607,0.4012634754180908,-0.684677004814148,-0.5562261939048767,-0.14382432401180267,-0.001422816189005971,-0.6373030543327332,-0.14775869250297546,0.8840707540512085,0.6021525859832764,-0.4338955283164978,-0.5604586601257324,-0.8740671873092651,-0.19930389523506165,-0.16469238698482513,0.35303550958633423,-0.057593293488025665,0.1587759554386139,-0.7027968168258667,0.5443546772003174,0.2506532371044159,0.09869372844696045,-0.00039021120755933225,-0.846950113773346,0.23735584318637848,-0.18608807027339935,0.7431827783584595,1.3974040746688843,-0.18354374170303345,0.814561128616333,0.16150590777397156,0'... 6496 more characters,
    allowAbsoluteUrls: true
  },
  request: <ref *1> Writable {
    _events: {
      close: undefined,
      error: [Function: handleRequestError],
      prefinish: undefined,
      finish: undefined,
      drain: undefined,
      response: [Function: handleResponse],
      socket: [Function: handleRequestSocket]
    },
    _writableState: WritableState {
      highWaterMark: 65536,
      length: 0,
      corked: 0,
      onwrite: [Function: bound onwrite],
      writelen: 0,
      bufferedIndex: 0,
      pendingcb: 0,
      [Symbol(kState)]: 17580812,
      [Symbol(kBufferedValue)]: null
    },
    _maxListeners: undefined,
    _options: {
      maxRedirects: 21,
      maxBodyLength: Infinity,
      protocol: 'http:',
      path: '/api/v1/collections/pdf_chunks/add',
      method: 'POST',
      headers: [Object: null prototype],
      agents: [Object],
      auth: undefined,
      family: undefined,
      beforeRedirect: [Function: dispatchBeforeRedirect],
      beforeRedirects: [Object],
      hostname: 'localhost',
      port: '8000',
      agent: undefined,
      nativeProtocols: [Object],
      pathname: '/api/v1/collections/pdf_chunks/add'
    },
    _ended: false,
    _ending: true,
    _redirectCount: 0,
    _redirects: [],
    _requestBodyLength: 16526,
    _requestBodyBuffers: [ [Object] ],
    _eventsCount: 3,
    _onNativeResponse: [Function (anonymous)],
    _currentRequest: ClientRequest {
      _events: [Object: null prototype],
      _eventsCount: 7,
      _maxListeners: undefined,
      outputData: [],
      outputSize: 0,
      writable: true,
      destroyed: false,
      _last: false,
      chunkedEncoding: false,
      shouldKeepAlive: true,
      maxRequestsOnConnectionReached: false,
      _defaultKeepAlive: true,
      useChunkedEncodingByDefault: true,
      sendDate: false,
      _removedConnection: false,
      _removedContLen: false,
      _removedTE: false,
      strictContentLength: false,
      _contentLength: 16526,
      _hasBody: true,
      _trailer: '',
      finished: false,
      _headerSent: true,
      _closed: false,
      _header: 'POST /api/v1/collections/pdf_chunks/add HTTP/1.1\r\n' +
        'Accept: application/json, text/plain, */*\r\n' +
        'Content-Type: application/json\r\n' +
        'User-Agent: axios/1.11.0\r\n' +
        'Content-Length: 16526\r\n' +
        'Accept-Encoding: gzip, compress, deflate, br\r\n' +
        'Host: localhost:8000\r\n' +
        'Connection: keep-alive\r\n' +
        '\r\n',
      _keepAliveTimeout: 0,
      _onPendingData: [Function: nop],
      agent: [Agent],
      socketPath: undefined,
      method: 'POST',
      maxHeaderSize: undefined,
      insecureHTTPParser: undefined,
      joinDuplicateHeaders: undefined,
      path: '/api/v1/collections/pdf_chunks/add',
      _ended: false,
      res: null,
      aborted: false,
      timeoutCb: [Function: emitRequestTimeout],
      upgradeOrConnect: false,
      parser: null,
      maxHeadersCount: null,
      reusedSocket: false,
      host: 'localhost',
      protocol: 'http:',
      _redirectable: [Circular *1],
      [Symbol(shapeMode)]: false,
      [Symbol(kCapture)]: false,
      [Symbol(kBytesWritten)]: 0,
      [Symbol(kNeedDrain)]: false,
      [Symbol(corked)]: 0,
      [Symbol(kChunkedBuffer)]: [],
      [Symbol(kChunkedLength)]: 0,
      [Symbol(kSocket)]: [Socket],
      [Symbol(kOutHeaders)]: [Object: null prototype],
      [Symbol(errored)]: null,
      [Symbol(kHighWaterMark)]: 65536,
      [Symbol(kRejectNonStandardBodyWrites)]: false,
      [Symbol(kUniqueHeaders)]: null
    },
    _currentUrl: 'http://localhost:8000/api/v1/collections/pdf_chunks/add',
    [Symbol(shapeMode)]: true,
    [Symbol(kCapture)]: false
  },
  cause: AggregateError [ECONNREFUSED]: 
      at internalConnectMultiple (node:net:1134:18)
      at afterConnectMultiple (node:net:1715:7) {
    code: 'ECONNREFUSED',
    [errors]: [ [Error], [Error] ]
  }
}
📄 Processing uploaded PDF: 1JEEPFormatEngineeringManagementAComprehensiveReviewofChallengesTrendsandBestPractices2.pdf
📄 Processing PDF: 1JEEPFormatEngineeringManagementAComprehensiveReviewofChallengesTrendsandBestPractices2.pdf
📝 Extracted 33760 characters from PDF
🔪 Created 8 chunks
💾 Storing 8 chunks in vector database
❌ Failed to store chunk 0: AxiosError [AggregateError]
    at AxiosError.from (file:///Users/vikaskumar/Documents/vikas/em-taskflow/backend/node_modules/axios/lib/core/AxiosError.js:92:14)
    at RedirectableRequest.handleRequestError (file:///Users/vikaskumar/Documents/vikas/em-taskflow/backend/node_modules/axios/lib/adapters/http.js:620:25)
    at RedirectableRequest.emit (node:events:518:28)
    at eventHandlers.<computed> (/Users/vikaskumar/Documents/vikas/em-taskflow/backend/node_modules/follow-redirects/index.js:49:24)
    at ClientRequest.emit (node:events:518:28)
    at emitErrorEvent (node:_http_client:104:11)
    at Socket.socketErrorListener (node:_http_client:518:5)
    at Socket.emit (node:events:518:28)
    at emitErrorNT (node:internal/streams/destroy:170:8)
    at emitErrorCloseNT (node:internal/streams/destroy:129:3)
    at Axios.request (file:///Users/vikaskumar/Documents/vikas/em-taskflow/backend/node_modules/axios/lib/core/Axios.js:45:41)
    at process.processTicksAndRejections (node:internal/process/task_queues:105:5)
    at async RAGService.storeChunks (file:///Users/vikaskumar/Documents/vikas/em-taskflow/backend/dist/services/ragService.js:114:17)
    at async RAGService.processPDF (file:///Users/vikaskumar/Documents/vikas/em-taskflow/backend/dist/services/ragService.js:61:13)
    at async file:///Users/vikaskumar/Documents/vikas/em-taskflow/backend/dist/routes/api.js:32:24 {
  code: 'ECONNREFUSED',
  errors: [
    Error: connect ECONNREFUSED ::1:8000
        at createConnectionError (node:net:1678:14)
        at afterConnectMultiple (node:net:1708:16) {
      errno: -61,
      code: 'ECONNREFUSED',
      syscall: 'connect',
      address: '::1',
      port: 8000
    },
    Error: connect ECONNREFUSED 127.0.0.1:8000
        at createConnectionError (node:net:1678:14)
        at afterConnectMultiple (node:net:1708:16) {
      errno: -61,
      code: 'ECONNREFUSED',
      syscall: 'connect',
      address: '127.0.0.1',
      port: 8000
    }
  ],
  config: {
    transitional: {
      silentJSONParsing: true,
      forcedJSONParsing: true,
      clarifyTimeoutError: false
    },
    adapter: [ 'xhr', 'http', 'fetch' ],
    transformRequest: [ [Function: transformRequest] ],
    transformResponse: [ [Function: transformResponse] ],
    timeout: 0,
    xsrfCookieName: 'XSRF-TOKEN',
    xsrfHeaderName: 'X-XSRF-TOKEN',
    maxContentLength: -1,
    maxBodyLength: -1,
    env: { FormData: [Function [FormData]], Blob: [class Blob] },
    validateStatus: [Function: validateStatus],
    headers: Object [AxiosHeaders] {
      Accept: 'application/json, text/plain, */*',
      'Content-Type': 'application/json',
      'User-Agent': 'axios/1.11.0',
      'Content-Length': '16526',
      'Accept-Encoding': 'gzip, compress, deflate, br'
    },
    method: 'post',
    url: 'http://localhost:8000/api/v1/collections/pdf_chunks/add',
    data: '{"ids":["90696c630b733a7eff9eead945ff323c_0"],"embeddings":[[-0.16752085089683533,0.5195120573043823,-3.034392833709717,-0.7079858779907227,0.8230354189872742,0.24183344841003418,0.08632822334766388,-0.32255882024765015,0.18605467677116394,0.48546546697616577,0.6377285122871399,-1.029876708984375,1.6028164625167847,0.4566170871257782,0.35340791940689087,-0.5533905029296875,0.21603456139564514,-0.29243555665016174,-0.3486580550670624,-0.4832494258880615,-0.3329683244228363,-1.1366183757781982,-0.49509039521217346,-0.269866943359375,1.8306642770767212,0.36422207951545715,-0.7077949643135071,-0.5356565117835999,-0.5100232362747192,0.18265293538570404,0.9486129283905029,-0.7717918753623962,-1.2970635890960693,-0.4084259867668152,-0.7878316640853882,-0.46596649289131165,1.1990036964416504,-0.13570821285247803,-0.2455204278230667,-0.2679416239261627,1.5435972213745117,-0.6016117334365845,-0.4734083414077759,-0.5448632836341858,0.06295282393693924,0.06089102476835251,0.6744814515113831,-0.3242242634296417,1.015496850013733,0.4050617516040802,0.525816798210144,-0.15115149319171906,0.4598812162876129,0.01999708265066147,1.4903652667999268,0.12376340478658676,-0.3293761610984802,0.7764424681663513,0.4598706364631653,-1.452251672744751,1.3437507152557373,1.1625791788101196,-1.0934277772903442,1.1090623140335083,0.8977451920509338,-0.2891283631324768,0.4016059637069702,1.1411597728729248,0.1866626888513565,-1.0208156108856201,0.14299406111240387,-0.06392338871955872,0.5868594646453857,0.4209672212600708,-0.8613501191139221,-0.10170581936836243,0.4861549437046051,-0.5546084046363831,0.011449645273387432,0.023845307528972626,0.17513760924339294,0.7111808061599731,1.6542634963989258,-0.354330450296402,1.0271927118301392,-0.09873034060001373,-0.14049199223518372,0.5268365144729614,-0.35748937726020813,0.7391006350517273,1.0772672891616821,0.7717909216880798,-0.14804984629154205,0.2730240225791931,-1.4378492832183838,-0.18706583976745605,0.17718514800071716,-0.9662716388702393,-1.348682165145874,-0.6245969533920288,-0.19813638925552368,-0.3290422260761261,0.448856383562088,0.5736271739006042,1.1651004552841187,1.0301121473312378,-0.009363308548927307,-0.0702485591173172,-0.3579079508781433,0.5717041492462158,-0.935137927532196,0.2892683148384094,-0.43684670329093933,-0.09574105590581894,0.6838424205780029,0.057203736156225204,1.4119815826416016,-0.609616756439209,-0.28987830877304077,1.026464581489563,-0.603963315486908,-0.28500595688819885,-0.102281354367733,0.29078084230422974,0.746695339679718,0.3082656264305115,-0.9954026937484741,-0.2541709840297699,0.7284198999404907,-0.30896326899528503,-1.1352874040603638,-0.3334557116031647,-0.17728854715824127,0.005357043817639351,-0.13208718597888947,1.2788108587265015,-0.711889386177063,-0.14024271070957184,-0.488378643989563,0.6195242404937744,0.7973999381065369,-0.20470696687698364,-0.4581328332424164,0.07530985027551651,0.27660924196243286,-0.8694618344306946,0.4019485414028168,-0.1791924387216568,-1.0745525360107422,0.19788555800914764,1.088273048400879,-0.17058512568473816,-0.46886682510375977,0.6733458042144775,-0.5527095198631287,-0.592662513256073,-0.6996439099311829,-0.27093303203582764,0.4796126186847687,0.6801198720932007,-0.46638575196266174,-0.128573939204216,-0.18722596764564514,1.3334035873413086,-0.27268868684768677,0.12425193935632706,-0.5791199803352356,0.019544219598174095,0.3990183472633362,1.1938297748565674,-0.42897677421569824,-0.6705003380775452,0.4133755564689636,-0.2994885742664337,0.7862512469291687,-1.1050193309783936,1.3794797658920288,-0.8181242942810059,0.7532150745391846,-0.8333882689476013,0.6506788730621338,-1.0067737102508545,1.4461363554000854,0.39591407775878906,-0.551399290561676,-0.13163770735263824,0.9098478555679321,-0.05165074020624161,-0.6777758598327637,-0.513889729976654,0.4188069999217987,0.0973469465970993,-0.8495681285858154,-1.120542049407959,-0.7830517292022705,-1.0696812868118286,1.2183791399002075,-0.7078084945678711,0.03126327320933342,-0.9139461517333984,-0.4127727746963501,0.3677644431591034,-1.0551116466522217,0.5466592907905579,-0.5330878496170044,0.291540265083313,0.5288472175598145,0.8127370476722717,-0.7776437997817993,0.04924064874649048,0.19792188704013824,0.05004386603832245,0.33823418617248535,0.8322994709014893,0.30838117003440857,-0.9698193073272705,0.051384299993515015,-0.9021218419075012,-0.3350903391838074,0.32189926505088806,-0.4779277443885803,-0.8176781535148621,-0.3770156800746918,-0.008164153434336185,0.54485023021698,-0.7780618667602539,-0.3478964567184448,-0.5708763003349304,-0.4620654284954071,-0.5665957927703857,-0.5282529592514038,-0.6879538297653198,0.5446686744689941,-0.2783330976963043,0.06301535665988922,-0.06744413077831268,0.6172645092010498,1.1700102090835571,0.03820895776152611,0.5551755428314209,-0.14167028665542603,1.1352062225341797,-0.21417458355426788,-0.015109564177691936,-0.07601442188024521,-0.27954164147377014,0.3249019980430603,-0.3439497947692871,0.8096471428871155,0.6840647459030151,1.525538682937622,0.16322042047977448,0.5433576703071594,1.2150487899780273,0.6736587285995483,-0.5031606554985046,-0.25728172063827515,0.30902299284935,0.5443773865699768,0.8695548176765442,0.4958191215991974,-1.259781837463379,0.4438847005367279,-0.38633570075035095,0.24863983690738678,-0.2566923499107361,-0.6289076805114746,-0.6690765023231506,0.317215234041214,-0.23413555324077606,1.1029387712478638,0.7582287788391113,-0.00706269359216094,0.7606030106544495,-0.27753913402557373,-0.03196517378091812,-0.4914056956768036,-0.842494785785675,-0.48255735635757446,0.6316671371459961,-1.1037805080413818,-1.166901707649231,0.2896651029586792,0.40738844871520996,-0.4030206501483917,1.292710542678833,0.32703667879104614,0.39508724212646484,0.23033331334590912,-0.3194625675678253,-0.03227197006344795,-0.6454370021820068,0.6461210250854492,0.0713154524564743,0.008141746744513512,0.6102910041809082,1.6985126733779907,-0.6798020005226135,-0.32911527156829834,-0.5415902733802795,-0.08924710750579834,0.1583443582057953,0.869507908821106,0.1914764642715454,0.7407329678535461,-0.289802223443985,-0.31903916597366333,0.7721235156059265,0.038483235985040665,-0.10525116324424744,-0.31956416368484497,-0.28141722083091736,-0.06460972875356674,-0.08809264749288559,-0.47878068685531616,1.3810060024261475,0.3755864202976227,0.015729861333966255,1.1058388948440552,-0.13728520274162292,-0.12080922722816467,-1.0769734382629395,-0.3452077805995941,0.015698116272687912,0.6111718416213989,0.5369775891304016,-0.07211114466190338,0.44584569334983826,-0.18122859299182892,-0.17038443684577942,0.33089110255241394,0.11726005375385284,0.8425526022911072,-1.8102437257766724,-0.5474804639816284,1.036959171295166,0.8854555487632751,0.5735324025154114,0.7984013557434082,0.42827457189559937,0.8132346272468567,-0.11304198950529099,-0.04198996350169182,-0.5487818121910095,-0.4946663975715637,-1.0661832094192505,-0.8714799284934998,0.18296639621257782,0.48039230704307556,0.6697195172309875,-0.00925192330032587,0.3501962423324585,0.13352109491825104,-0.04989837110042572,-0.14547106623649597,-0.006088788155466318,-0.14592203497886658,0.6174682974815369,-0.3395046889781952,-0.04526567831635475,0.6435946226119995,-0.15159274637699127,-0.12434588372707367,-0.9010767340660095,-0.2097495049238205,0.9191035628318787,1.0157709121704102,0.656551718711853,0.4717530310153961,-0.041685279458761215,-0.08331004530191422,-0.6194425821304321,-0.09562860429286957,0.4939403831958771,0.4510355591773987,0.0205193180590868,-1.2210184335708618,-0.5707356333732605,-0.1785523146390915,0.23174765706062317,0.38911616802215576,-0.5736530423164368,-0.6583905220031738,0.12591132521629333,0.5272536277770996,-0.17560920119285583,0.32474738359451294,0.03225744515657425,0.43319961428642273,0.18406569957733154,-0.4306236505508423,-0.7763660550117493,-0.6488734483718872,0.5398979187011719,-0.4127618372440338,-0.4182647168636322,-0.07318777590990067,0.42340168356895447,0.046878308057785034,1.5923057794570923,-0.892729640007019,-0.8641287684440613,0.4714544415473938,0.4134989082813263,-0.5338651537895203,0.995148241519928,-0.21524234116077423,-0.2845732867717743,0.24745681881904602,0.14204484224319458,-0.18423894047737122,0.6471332907676697,0.022456994280219078,-0.206045001745224,-0.2352052927017212,0.7676673531532288,0.2302437722682953,0.43396633863449097,-0.8706063032150269,-0.6731017827987671,0.8581445813179016,0.29308953881263733,-0.2867526710033417,0.058268677443265915,0.5816424489021301,0.972404420375824,0.6459773778915405,0.22142952680587769,0.12754718959331512,-0.7679497599601746,0.965155839920044,0.08789011090993881,-0.4262970983982086,-0.2539726793766022,-0.1413954347372055,0.08615627139806747,0.749336838722229,0.8639826774597168,0.7647908926010132,-0.4380233585834503,0.6219715476036072,-0.839238166809082,-0.7882804870605469,0.2653730511665344,0.37963226437568665,1.2664960622787476,0.9441850781440735,-0.6256450414657593,-0.5654812455177307,1.2703485488891602,0.4099743068218231,-1.1315102577209473,0.7420771718025208,0.6244268417358398,0.9414165019989014,-1.178765892982483,0.09110047668218613,0.088455930352211,0.08055713772773743,-0.19537311792373657,0.7887967228889465,-0.2829776704311371,-0.37153002619743347,0.2981453835964203,-0.3470088243484497,-0.42110538482666016,-0.1970239281654358,0.04663141816854477,0.08124782890081406,0.7374356389045715,-0.17092378437519073,-0.11858339607715607,0.4012634754180908,-0.684677004814148,-0.5562261939048767,-0.14382432401180267,-0.001422816189005971,-0.6373030543327332,-0.14775869250297546,0.8840707540512085,0.6021525859832764,-0.4338955283164978,-0.5604586601257324,-0.8740671873092651,-0.19930389523506165,-0.16469238698482513,0.35303550958633423,-0.057593293488025665,0.1587759554386139,-0.7027968168258667,0.5443546772003174,0.2506532371044159,0.09869372844696045,-0.00039021120755933225,-0.846950113773346,0.23735584318637848,-0.18608807027339935,0.7431827783584595,1.3974040746688843,-0.18354374170303345,0.814561128616333,0.16150590777397156,0'... 6496 more characters,
    allowAbsoluteUrls: true
  },
  request: <ref *1> Writable {
    _events: {
      close: undefined,
      error: [Function: handleRequestError],
      prefinish: undefined,
      finish: undefined,
      drain: undefined,
      response: [Function: handleResponse],
      socket: [Function: handleRequestSocket]
    },
    _writableState: WritableState {
      highWaterMark: 65536,
      length: 0,
      corked: 0,
      onwrite: [Function: bound onwrite],
      writelen: 0,
      bufferedIndex: 0,
      pendingcb: 0,
      [Symbol(kState)]: 17580812,
      [Symbol(kBufferedValue)]: null
    },
    _maxListeners: undefined,
    _options: {
      maxRedirects: 21,
      maxBodyLength: Infinity,
      protocol: 'http:',
      path: '/api/v1/collections/pdf_chunks/add',
      method: 'POST',
      headers: [Object: null prototype],
      agents: [Object],
      auth: undefined,
      family: undefined,
      beforeRedirect: [Function: dispatchBeforeRedirect],
      beforeRedirects: [Object],
      hostname: 'localhost',
      port: '8000',
      agent: undefined,
      nativeProtocols: [Object],
      pathname: '/api/v1/collections/pdf_chunks/add'
    },
    _ended: false,
    _ending: true,
    _redirectCount: 0,
    _redirects: [],
    _requestBodyLength: 16526,
    _requestBodyBuffers: [ [Object] ],
    _eventsCount: 3,
    _onNativeResponse: [Function (anonymous)],
    _currentRequest: ClientRequest {
      _events: [Object: null prototype],
      _eventsCount: 7,
      _maxListeners: undefined,
      outputData: [],
      outputSize: 0,
      writable: true,
      destroyed: false,
      _last: false,
      chunkedEncoding: false,
      shouldKeepAlive: true,
      maxRequestsOnConnectionReached: false,
      _defaultKeepAlive: true,
      useChunkedEncodingByDefault: true,
      sendDate: false,
      _removedConnection: false,
      _removedContLen: false,
      _removedTE: false,
      strictContentLength: false,
      _contentLength: 16526,
      _hasBody: true,
      _trailer: '',
      finished: false,
      _headerSent: true,
      _closed: false,
      _header: 'POST /api/v1/collections/pdf_chunks/add HTTP/1.1\r\n' +
        'Accept: application/json, text/plain, */*\r\n' +
        'Content-Type: application/json\r\n' +
        'User-Agent: axios/1.11.0\r\n' +
        'Content-Length: 16526\r\n' +
        'Accept-Encoding: gzip, compress, deflate, br\r\n' +
        'Host: localhost:8000\r\n' +
        'Connection: keep-alive\r\n' +
        '\r\n',
      _keepAliveTimeout: 0,
      _onPendingData: [Function: nop],
      agent: [Agent],
      socketPath: undefined,
      method: 'POST',
      maxHeaderSize: undefined,
      insecureHTTPParser: undefined,
      joinDuplicateHeaders: undefined,
      path: '/api/v1/collections/pdf_chunks/add',
      _ended: false,
      res: null,
      aborted: false,
      timeoutCb: [Function: emitRequestTimeout],
      upgradeOrConnect: false,
      parser: null,
      maxHeadersCount: null,
      reusedSocket: false,
      host: 'localhost',
      protocol: 'http:',
      _redirectable: [Circular *1],
      [Symbol(shapeMode)]: false,
      [Symbol(kCapture)]: false,
      [Symbol(kBytesWritten)]: 0,
      [Symbol(kNeedDrain)]: false,
      [Symbol(corked)]: 0,
      [Symbol(kChunkedBuffer)]: [],
      [Symbol(kChunkedLength)]: 0,
      [Symbol(kSocket)]: [Socket],
      [Symbol(kOutHeaders)]: [Object: null prototype],
      [Symbol(errored)]: null,
      [Symbol(kHighWaterMark)]: 65536,
      [Symbol(kRejectNonStandardBodyWrites)]: false,
      [Symbol(kUniqueHeaders)]: null
    },
    _currentUrl: 'http://localhost:8000/api/v1/collections/pdf_chunks/add',
    [Symbol(shapeMode)]: true,
    [Symbol(kCapture)]: false
  },
  cause: AggregateError [ECONNREFUSED]: 
      at internalConnectMultiple (node:net:1134:18)
      at afterConnectMultiple (node:net:1715:7) {
    code: 'ECONNREFUSED',
    [errors]: [ [Error], [Error] ]
  }
}
❌ PDF processing error: AxiosError [AggregateError]
    at AxiosError.from (file:///Users/vikaskumar/Documents/vikas/em-taskflow/backend/node_modules/axios/lib/core/AxiosError.js:92:14)
    at RedirectableRequest.handleRequestError (file:///Users/vikaskumar/Documents/vikas/em-taskflow/backend/node_modules/axios/lib/adapters/http.js:620:25)
    at RedirectableRequest.emit (node:events:518:28)
    at eventHandlers.<computed> (/Users/vikaskumar/Documents/vikas/em-taskflow/backend/node_modules/follow-redirects/index.js:49:24)
    at ClientRequest.emit (node:events:518:28)
    at emitErrorEvent (node:_http_client:104:11)
    at Socket.socketErrorListener (node:_http_client:518:5)
    at Socket.emit (node:events:518:28)
    at emitErrorNT (node:internal/streams/destroy:170:8)
    at emitErrorCloseNT (node:internal/streams/destroy:129:3)
    at Axios.request (file:///Users/vikaskumar/Documents/vikas/em-taskflow/backend/node_modules/axios/lib/core/Axios.js:45:41)
    at process.processTicksAndRejections (node:internal/process/task_queues:105:5)
    at async RAGService.storeChunks (file:///Users/vikaskumar/Documents/vikas/em-taskflow/backend/dist/services/ragService.js:114:17)
    at async RAGService.processPDF (file:///Users/vikaskumar/Documents/vikas/em-taskflow/backend/dist/services/ragService.js:61:13)
    at async file:///Users/vikaskumar/Documents/vikas/em-taskflow/backend/dist/routes/api.js:32:24 {
  code: 'ECONNREFUSED',
  errors: [
    Error: connect ECONNREFUSED ::1:8000
        at createConnectionError (node:net:1678:14)
        at afterConnectMultiple (node:net:1708:16) {
      errno: -61,
      code: 'ECONNREFUSED',
      syscall: 'connect',
      address: '::1',
      port: 8000
    },
    Error: connect ECONNREFUSED 127.0.0.1:8000
        at createConnectionError (node:net:1678:14)
        at afterConnectMultiple (node:net:1708:16) {
      errno: -61,
      code: 'ECONNREFUSED',
      syscall: 'connect',
      address: '127.0.0.1',
      port: 8000
    }
  ],
  config: {
    transitional: {
      silentJSONParsing: true,
      forcedJSONParsing: true,
      clarifyTimeoutError: false
    },
    adapter: [ 'xhr', 'http', 'fetch' ],
    transformRequest: [ [Function: transformRequest] ],
    transformResponse: [ [Function: transformResponse] ],
    timeout: 0,
    xsrfCookieName: 'XSRF-TOKEN',
    xsrfHeaderName: 'X-XSRF-TOKEN',
    maxContentLength: -1,
    maxBodyLength: -1,
    env: { FormData: [Function [FormData]], Blob: [class Blob] },
    validateStatus: [Function: validateStatus],
    headers: Object [AxiosHeaders] {
      Accept: 'application/json, text/plain, */*',
      'Content-Type': 'application/json',
      'User-Agent': 'axios/1.11.0',
      'Content-Length': '16526',
      'Accept-Encoding': 'gzip, compress, deflate, br'
    },
    method: 'post',
    url: 'http://localhost:8000/api/v1/collections/pdf_chunks/add',
    data: '{"ids":["90696c630b733a7eff9eead945ff323c_0"],"embeddings":[[-0.16752085089683533,0.5195120573043823,-3.034392833709717,-0.7079858779907227,0.8230354189872742,0.24183344841003418,0.08632822334766388,-0.32255882024765015,0.18605467677116394,0.48546546697616577,0.6377285122871399,-1.029876708984375,1.6028164625167847,0.4566170871257782,0.35340791940689087,-0.5533905029296875,0.21603456139564514,-0.29243555665016174,-0.3486580550670624,-0.4832494258880615,-0.3329683244228363,-1.1366183757781982,-0.49509039521217346,-0.269866943359375,1.8306642770767212,0.36422207951545715,-0.7077949643135071,-0.5356565117835999,-0.5100232362747192,0.18265293538570404,0.9486129283905029,-0.7717918753623962,-1.2970635890960693,-0.4084259867668152,-0.7878316640853882,-0.46596649289131165,1.1990036964416504,-0.13570821285247803,-0.2455204278230667,-0.2679416239261627,1.5435972213745117,-0.6016117334365845,-0.4734083414077759,-0.5448632836341858,0.06295282393693924,0.06089102476835251,0.6744814515113831,-0.3242242634296417,1.015496850013733,0.4050617516040802,0.525816798210144,-0.15115149319171906,0.4598812162876129,0.01999708265066147,1.4903652667999268,0.12376340478658676,-0.3293761610984802,0.7764424681663513,0.4598706364631653,-1.452251672744751,1.3437507152557373,1.1625791788101196,-1.0934277772903442,1.1090623140335083,0.8977451920509338,-0.2891283631324768,0.4016059637069702,1.1411597728729248,0.1866626888513565,-1.0208156108856201,0.14299406111240387,-0.06392338871955872,0.5868594646453857,0.4209672212600708,-0.8613501191139221,-0.10170581936836243,0.4861549437046051,-0.5546084046363831,0.011449645273387432,0.023845307528972626,0.17513760924339294,0.7111808061599731,1.6542634963989258,-0.354330450296402,1.0271927118301392,-0.09873034060001373,-0.14049199223518372,0.5268365144729614,-0.35748937726020813,0.7391006350517273,1.0772672891616821,0.7717909216880798,-0.14804984629154205,0.2730240225791931,-1.4378492832183838,-0.18706583976745605,0.17718514800071716,-0.9662716388702393,-1.348682165145874,-0.6245969533920288,-0.19813638925552368,-0.3290422260761261,0.448856383562088,0.5736271739006042,1.1651004552841187,1.0301121473312378,-0.009363308548927307,-0.0702485591173172,-0.3579079508781433,0.5717041492462158,-0.935137927532196,0.2892683148384094,-0.43684670329093933,-0.09574105590581894,0.6838424205780029,0.057203736156225204,1.4119815826416016,-0.609616756439209,-0.28987830877304077,1.026464581489563,-0.603963315486908,-0.28500595688819885,-0.102281354367733,0.29078084230422974,0.746695339679718,0.3082656264305115,-0.9954026937484741,-0.2541709840297699,0.7284198999404907,-0.30896326899528503,-1.1352874040603638,-0.3334557116031647,-0.17728854715824127,0.005357043817639351,-0.13208718597888947,1.2788108587265015,-0.711889386177063,-0.14024271070957184,-0.488378643989563,0.6195242404937744,0.7973999381065369,-0.20470696687698364,-0.4581328332424164,0.07530985027551651,0.27660924196243286,-0.8694618344306946,0.4019485414028168,-0.1791924387216568,-1.0745525360107422,0.19788555800914764,1.088273048400879,-0.17058512568473816,-0.46886682510375977,0.6733458042144775,-0.5527095198631287,-0.592662513256073,-0.6996439099311829,-0.27093303203582764,0.4796126186847687,0.6801198720932007,-0.46638575196266174,-0.128573939204216,-0.18722596764564514,1.3334035873413086,-0.27268868684768677,0.12425193935632706,-0.5791199803352356,0.019544219598174095,0.3990183472633362,1.1938297748565674,-0.42897677421569824,-0.6705003380775452,0.4133755564689636,-0.2994885742664337,0.7862512469291687,-1.1050193309783936,1.3794797658920288,-0.8181242942810059,0.7532150745391846,-0.8333882689476013,0.6506788730621338,-1.0067737102508545,1.4461363554000854,0.39591407775878906,-0.551399290561676,-0.13163770735263824,0.9098478555679321,-0.05165074020624161,-0.6777758598327637,-0.513889729976654,0.4188069999217987,0.0973469465970993,-0.8495681285858154,-1.120542049407959,-0.7830517292022705,-1.0696812868118286,1.2183791399002075,-0.7078084945678711,0.03126327320933342,-0.9139461517333984,-0.4127727746963501,0.3677644431591034,-1.0551116466522217,0.5466592907905579,-0.5330878496170044,0.291540265083313,0.5288472175598145,0.8127370476722717,-0.7776437997817993,0.04924064874649048,0.19792188704013824,0.05004386603832245,0.33823418617248535,0.8322994709014893,0.30838117003440857,-0.9698193073272705,0.051384299993515015,-0.9021218419075012,-0.3350903391838074,0.32189926505088806,-0.4779277443885803,-0.8176781535148621,-0.3770156800746918,-0.008164153434336185,0.54485023021698,-0.7780618667602539,-0.3478964567184448,-0.5708763003349304,-0.4620654284954071,-0.5665957927703857,-0.5282529592514038,-0.6879538297653198,0.5446686744689941,-0.2783330976963043,0.06301535665988922,-0.06744413077831268,0.6172645092010498,1.1700102090835571,0.03820895776152611,0.5551755428314209,-0.14167028665542603,1.1352062225341797,-0.21417458355426788,-0.015109564177691936,-0.07601442188024521,-0.27954164147377014,0.3249019980430603,-0.3439497947692871,0.8096471428871155,0.6840647459030151,1.525538682937622,0.16322042047977448,0.5433576703071594,1.2150487899780273,0.6736587285995483,-0.5031606554985046,-0.25728172063827515,0.30902299284935,0.5443773865699768,0.8695548176765442,0.4958191215991974,-1.259781837463379,0.4438847005367279,-0.38633570075035095,0.24863983690738678,-0.2566923499107361,-0.6289076805114746,-0.6690765023231506,0.317215234041214,-0.23413555324077606,1.1029387712478638,0.7582287788391113,-0.00706269359216094,0.7606030106544495,-0.27753913402557373,-0.03196517378091812,-0.4914056956768036,-0.842494785785675,-0.48255735635757446,0.6316671371459961,-1.1037805080413818,-1.166901707649231,0.2896651029586792,0.40738844871520996,-0.4030206501483917,1.292710542678833,0.32703667879104614,0.39508724212646484,0.23033331334590912,-0.3194625675678253,-0.03227197006344795,-0.6454370021820068,0.6461210250854492,0.0713154524564743,0.008141746744513512,0.6102910041809082,1.6985126733779907,-0.6798020005226135,-0.32911527156829834,-0.5415902733802795,-0.08924710750579834,0.1583443582057953,0.869507908821106,0.1914764642715454,0.7407329678535461,-0.289802223443985,-0.31903916597366333,0.7721235156059265,0.038483235985040665,-0.10525116324424744,-0.31956416368484497,-0.28141722083091736,-0.06460972875356674,-0.08809264749288559,-0.47878068685531616,1.3810060024261475,0.3755864202976227,0.015729861333966255,1.1058388948440552,-0.13728520274162292,-0.12080922722816467,-1.0769734382629395,-0.3452077805995941,0.015698116272687912,0.6111718416213989,0.5369775891304016,-0.07211114466190338,0.44584569334983826,-0.18122859299182892,-0.17038443684577942,0.33089110255241394,0.11726005375385284,0.8425526022911072,-1.8102437257766724,-0.5474804639816284,1.036959171295166,0.8854555487632751,0.5735324025154114,0.7984013557434082,0.42827457189559937,0.8132346272468567,-0.11304198950529099,-0.04198996350169182,-0.5487818121910095,-0.4946663975715637,-1.0661832094192505,-0.8714799284934998,0.18296639621257782,0.48039230704307556,0.6697195172309875,-0.00925192330032587,0.3501962423324585,0.13352109491825104,-0.04989837110042572,-0.14547106623649597,-0.006088788155466318,-0.14592203497886658,0.6174682974815369,-0.3395046889781952,-0.04526567831635475,0.6435946226119995,-0.15159274637699127,-0.12434588372707367,-0.9010767340660095,-0.2097495049238205,0.9191035628318787,1.0157709121704102,0.656551718711853,0.4717530310153961,-0.041685279458761215,-0.08331004530191422,-0.6194425821304321,-0.09562860429286957,0.4939403831958771,0.4510355591773987,0.0205193180590868,-1.2210184335708618,-0.5707356333732605,-0.1785523146390915,0.23174765706062317,0.38911616802215576,-0.5736530423164368,-0.6583905220031738,0.12591132521629333,0.5272536277770996,-0.17560920119285583,0.32474738359451294,0.03225744515657425,0.43319961428642273,0.18406569957733154,-0.4306236505508423,-0.7763660550117493,-0.6488734483718872,0.5398979187011719,-0.4127618372440338,-0.4182647168636322,-0.07318777590990067,0.42340168356895447,0.046878308057785034,1.5923057794570923,-0.892729640007019,-0.8641287684440613,0.4714544415473938,0.4134989082813263,-0.5338651537895203,0.995148241519928,-0.21524234116077423,-0.2845732867717743,0.24745681881904602,0.14204484224319458,-0.18423894047737122,0.6471332907676697,0.022456994280219078,-0.206045001745224,-0.2352052927017212,0.7676673531532288,0.2302437722682953,0.43396633863449097,-0.8706063032150269,-0.6731017827987671,0.8581445813179016,0.29308953881263733,-0.2867526710033417,0.058268677443265915,0.5816424489021301,0.972404420375824,0.6459773778915405,0.22142952680587769,0.12754718959331512,-0.7679497599601746,0.965155839920044,0.08789011090993881,-0.4262970983982086,-0.2539726793766022,-0.1413954347372055,0.08615627139806747,0.749336838722229,0.8639826774597168,0.7647908926010132,-0.4380233585834503,0.6219715476036072,-0.839238166809082,-0.7882804870605469,0.2653730511665344,0.37963226437568665,1.2664960622787476,0.9441850781440735,-0.6256450414657593,-0.5654812455177307,1.2703485488891602,0.4099743068218231,-1.1315102577209473,0.7420771718025208,0.6244268417358398,0.9414165019989014,-1.178765892982483,0.09110047668218613,0.088455930352211,0.08055713772773743,-0.19537311792373657,0.7887967228889465,-0.2829776704311371,-0.37153002619743347,0.2981453835964203,-0.3470088243484497,-0.42110538482666016,-0.1970239281654358,0.04663141816854477,0.08124782890081406,0.7374356389045715,-0.17092378437519073,-0.11858339607715607,0.4012634754180908,-0.684677004814148,-0.5562261939048767,-0.14382432401180267,-0.001422816189005971,-0.6373030543327332,-0.14775869250297546,0.8840707540512085,0.6021525859832764,-0.4338955283164978,-0.5604586601257324,-0.8740671873092651,-0.19930389523506165,-0.16469238698482513,0.35303550958633423,-0.057593293488025665,0.1587759554386139,-0.7027968168258667,0.5443546772003174,0.2506532371044159,0.09869372844696045,-0.00039021120755933225,-0.846950113773346,0.23735584318637848,-0.18608807027339935,0.7431827783584595,1.3974040746688843,-0.18354374170303345,0.814561128616333,0.16150590777397156,0'... 6496 more characters,
    allowAbsoluteUrls: true
  },
  request: <ref *1> Writable {
    _events: {
      close: undefined,
      error: [Function: handleRequestError],
      prefinish: undefined,
      finish: undefined,
      drain: undefined,
      response: [Function: handleResponse],
      socket: [Function: handleRequestSocket]
    },
    _writableState: WritableState {
      highWaterMark: 65536,
      length: 0,
      corked: 0,
      onwrite: [Function: bound onwrite],
      writelen: 0,
      bufferedIndex: 0,
      pendingcb: 0,
      [Symbol(kState)]: 17580812,
      [Symbol(kBufferedValue)]: null
    },
    _maxListeners: undefined,
    _options: {
      maxRedirects: 21,
      maxBodyLength: Infinity,
      protocol: 'http:',
      path: '/api/v1/collections/pdf_chunks/add',
      method: 'POST',
      headers: [Object: null prototype],
      agents: [Object],
      auth: undefined,
      family: undefined,
      beforeRedirect: [Function: dispatchBeforeRedirect],
      beforeRedirects: [Object],
      hostname: 'localhost',
      port: '8000',
      agent: undefined,
      nativeProtocols: [Object],
      pathname: '/api/v1/collections/pdf_chunks/add'
    },
    _ended: false,
    _ending: true,
    _redirectCount: 0,
    _redirects: [],
    _requestBodyLength: 16526,
    _requestBodyBuffers: [ [Object] ],
    _eventsCount: 3,
    _onNativeResponse: [Function (anonymous)],
    _currentRequest: ClientRequest {
      _events: [Object: null prototype],
      _eventsCount: 7,
      _maxListeners: undefined,
      outputData: [],
      outputSize: 0,
      writable: true,
      destroyed: false,
      _last: false,
      chunkedEncoding: false,
      shouldKeepAlive: true,
      maxRequestsOnConnectionReached: false,
      _defaultKeepAlive: true,
      useChunkedEncodingByDefault: true,
      sendDate: false,
      _removedConnection: false,
      _removedContLen: false,
      _removedTE: false,
      strictContentLength: false,
      _contentLength: 16526,
      _hasBody: true,
      _trailer: '',
      finished: false,
      _headerSent: true,
      _closed: false,
      _header: 'POST /api/v1/collections/pdf_chunks/add HTTP/1.1\r\n' +
        'Accept: application/json, text/plain, */*\r\n' +
        'Content-Type: application/json\r\n' +
        'User-Agent: axios/1.11.0\r\n' +
        'Content-Length: 16526\r\n' +
        'Accept-Encoding: gzip, compress, deflate, br\r\n' +
        'Host: localhost:8000\r\n' +
        'Connection: keep-alive\r\n' +
        '\r\n',
      _keepAliveTimeout: 0,
      _onPendingData: [Function: nop],
      agent: [Agent],
      socketPath: undefined,
      method: 'POST',
      maxHeaderSize: undefined,
      insecureHTTPParser: undefined,
      joinDuplicateHeaders: undefined,
      path: '/api/v1/collections/pdf_chunks/add',
      _ended: false,
      res: null,
      aborted: false,
      timeoutCb: [Function: emitRequestTimeout],
      upgradeOrConnect: false,
      parser: null,
      maxHeadersCount: null,
      reusedSocket: false,
      host: 'localhost',
      protocol: 'http:',
      _redirectable: [Circular *1],
      [Symbol(shapeMode)]: false,
      [Symbol(kCapture)]: false,
      [Symbol(kBytesWritten)]: 0,
      [Symbol(kNeedDrain)]: false,
      [Symbol(corked)]: 0,
      [Symbol(kChunkedBuffer)]: [],
      [Symbol(kChunkedLength)]: 0,
      [Symbol(kSocket)]: [Socket],
      [Symbol(kOutHeaders)]: [Object: null prototype],
      [Symbol(errored)]: null,
      [Symbol(kHighWaterMark)]: 65536,
      [Symbol(kRejectNonStandardBodyWrites)]: false,
      [Symbol(kUniqueHeaders)]: null
    },
    _currentUrl: 'http://localhost:8000/api/v1/collections/pdf_chunks/add',
    [Symbol(shapeMode)]: true,
    [Symbol(kCapture)]: false
  },
  cause: AggregateError [ECONNREFUSED]: 
      at internalConnectMultiple (node:net:1134:18)
      at afterConnectMultiple (node:net:1715:7) {
    code: 'ECONNREFUSED',
    [errors]: [ [Error], [Error] ]
  }
}
